

Processing Rails::InfoController#properties (for 127.0.0.1 at 2009-09-30 16:03:07) [GET]
  [4;36;1mSQL (0.6ms)[0m   [0;1m SELECT name
 FROM sqlite_master
 WHERE type = 'table' AND NOT name = 'sqlite_sequence'
[0m
Completed in 89ms (View: 37, DB: 1) | 200 OK [http://0.0.0.0/rails/info/properties]
/!\ FAILSAFE /!\  Wed Sep 30 16:21:21 -0400 2009
  Status: 500 Internal Server Error
  no such file to load -- sqlite3
    /opt/jruby/lib/ruby/site_ruby/1.8/rubygems/custom_require.rb:31:in `require'
    /opt/jruby/lib/ruby/site_ruby/1.8/rubygems/custom_require.rb:31:in `require'
    /home/mike/.gem/jruby/1.8/gems/activesupport-2.3.4/lib/active_support/dependencies.rb:156:in `require'
    /home/mike/.gem/jruby/1.8/gems/activesupport-2.3.4/lib/active_support/dependencies.rb:521:in `new_constants_in'
    /home/mike/.gem/jruby/1.8/gems/activesupport-2.3.4/lib/active_support/dependencies.rb:156:in `require'
    /home/mike/.gem/jruby/1.8/gems/activesupport-2.3.4/lib/active_support/core_ext/kernel/requires.rb:7:in `require_library_or_gem'
    /home/mike/.gem/jruby/1.8/gems/activesupport-2.3.4/lib/active_support/core_ext/kernel/reporting.rb:11:in `silence_warnings'
    /home/mike/.gem/jruby/1.8/gems/activesupport-2.3.4/lib/active_support/core_ext/kernel/requires.rb:5:in `require_library_or_gem'
    /home/mike/.gem/jruby/1.8/gems/activerecord-2.3.4/lib/active_record/connection_adapters/sqlite3_adapter.rb:10:in `sqlite3_connection'
    /home/mike/.gem/jruby/1.8/gems/activerecord-2.3.4/lib/active_record/connection_adapters/abstract/connection_pool.rb:223:in `new_connection'
    /home/mike/.gem/jruby/1.8/gems/activerecord-2.3.4/lib/active_record/connection_adapters/abstract/connection_pool.rb:245:in `checkout_new_connection'
    /home/mike/.gem/jruby/1.8/gems/activerecord-2.3.4/lib/active_record/connection_adapters/abstract/connection_pool.rb:188:in `checkout'
    /home/mike/.gem/jruby/1.8/gems/activerecord-2.3.4/lib/active_record/connection_adapters/abstract/connection_pool.rb:184:in `loop'
    /home/mike/.gem/jruby/1.8/gems/activerecord-2.3.4/lib/active_record/connection_adapters/abstract/connection_pool.rb:184:in `checkout'
    /opt/jruby/lib/ruby/1.8/monitor.rb:191:in `mon_synchronize'
    /home/mike/.gem/jruby/1.8/gems/activerecord-2.3.4/lib/active_record/connection_adapters/abstract/connection_pool.rb:183:in `checkout'
    /home/mike/.gem/jruby/1.8/gems/activerecord-2.3.4/lib/active_record/connection_adapters/abstract/connection_pool.rb:98:in `connection'
    /home/mike/.gem/jruby/1.8/gems/activerecord-2.3.4/lib/active_record/connection_adapters/abstract/connection_pool.rb:326:in `retrieve_connection'
    /home/mike/.gem/jruby/1.8/gems/activerecord-2.3.4/lib/active_record/connection_adapters/abstract/connection_specification.rb:123:in `retrieve_connection'
    /home/mike/.gem/jruby/1.8/gems/activerecord-2.3.4/lib/active_record/connection_adapters/abstract/connection_specification.rb:115:in `connection'
    /home/mike/.gem/jruby/1.8/gems/activerecord-2.3.4/lib/active_record/query_cache.rb:9:in `cache'
    /home/mike/.gem/jruby/1.8/gems/activerecord-2.3.4/lib/active_record/query_cache.rb:28:in `call'
    /home/mike/.gem/jruby/1.8/gems/activerecord-2.3.4/lib/active_record/connection_adapters/abstract/connection_pool.rb:361:in `call'
    /opt/jruby-1.3.1/lib/ruby/gems/1.8/gems/rack-1.0.0/lib/rack/head.rb:9:in `call'
    /opt/jruby-1.3.1/lib/ruby/gems/1.8/gems/rack-1.0.0/lib/rack/methodoverride.rb:24:in `call'
    /home/mike/.gem/jruby/1.8/gems/actionpack-2.3.4/lib/action_controller/params_parser.rb:15:in `call'
    /home/mike/.gem/jruby/1.8/gems/actionpack-2.3.4/lib/action_controller/session/cookie_store.rb:93:in `call'
    /home/mike/.gem/jruby/1.8/gems/actionpack-2.3.4/lib/action_controller/failsafe.rb:26:in `call'
    /opt/jruby-1.3.1/lib/ruby/gems/1.8/gems/rack-1.0.0/lib/rack/lock.rb:11:in `call'
    /home/mike/.gem/jruby/1.8/gems/actionpack-2.3.4/lib/action_controller/dispatcher.rb:114:in `call'
    /home/mike/.gem/jruby/1.8/gems/actionpack-2.3.4/lib/action_controller/reloader.rb:34:in `run'
    /home/mike/.gem/jruby/1.8/gems/actionpack-2.3.4/lib/action_controller/dispatcher.rb:108:in `call'
    /home/mike/.gem/jruby/1.8/gems/rails-2.3.4/lib/rails/rack/static.rb:31:in `call'
    /opt/jruby-1.3.1/lib/ruby/gems/1.8/gems/rack-1.0.0/lib/rack/urlmap.rb:48:in `call'
    /opt/jruby-1.3.1/lib/ruby/gems/1.8/gems/rack-1.0.0/lib/rack/urlmap.rb:40:in `each'
    /opt/jruby-1.3.1/lib/ruby/gems/1.8/gems/rack-1.0.0/lib/rack/urlmap.rb:40:in `call'
    /home/mike/.gem/jruby/1.8/gems/rails-2.3.4/lib/rails/rack/log_tailer.rb:17:in `call'
    /opt/jruby-1.3.1/lib/ruby/gems/1.8/gems/rack-1.0.0/lib/rack/content_length.rb:13:in `call'
    /opt/jruby-1.3.1/lib/ruby/gems/1.8/gems/rack-1.0.0/lib/rack/handler/webrick.rb:46:in `service'
    /opt/jruby/lib/ruby/1.8/webrick/httpserver.rb:104:in `service'
    /opt/jruby/lib/ruby/1.8/webrick/httpserver.rb:65:in `run'
    /opt/jruby/lib/ruby/1.8/webrick/server.rb:173:in `start_thread'
    /opt/jruby/lib/ruby/1.8/webrick/server.rb:162:in `start'
/!\ FAILSAFE /!\  Wed Sep 30 16:22:32 -0400 2009
  Status: 500 Internal Server Error
  no such file to load -- sqlite3
    /opt/jruby/lib/ruby/site_ruby/1.8/rubygems/custom_require.rb:31:in `require'
    /opt/jruby/lib/ruby/site_ruby/1.8/rubygems/custom_require.rb:31:in `require'
    /home/mike/.gem/jruby/1.8/gems/activesupport-2.3.4/lib/active_support/dependencies.rb:156:in `require'
    /home/mike/.gem/jruby/1.8/gems/activesupport-2.3.4/lib/active_support/dependencies.rb:521:in `new_constants_in'
    /home/mike/.gem/jruby/1.8/gems/activesupport-2.3.4/lib/active_support/dependencies.rb:156:in `require'
    /home/mike/.gem/jruby/1.8/gems/activesupport-2.3.4/lib/active_support/core_ext/kernel/requires.rb:7:in `require_library_or_gem'
    /home/mike/.gem/jruby/1.8/gems/activesupport-2.3.4/lib/active_support/core_ext/kernel/reporting.rb:11:in `silence_warnings'
    /home/mike/.gem/jruby/1.8/gems/activesupport-2.3.4/lib/active_support/core_ext/kernel/requires.rb:5:in `require_library_or_gem'
    /home/mike/.gem/jruby/1.8/gems/activerecord-2.3.4/lib/active_record/connection_adapters/sqlite3_adapter.rb:10:in `sqlite3_connection'
    /home/mike/.gem/jruby/1.8/gems/activerecord-2.3.4/lib/active_record/connection_adapters/abstract/connection_pool.rb:223:in `new_connection'
    /home/mike/.gem/jruby/1.8/gems/activerecord-2.3.4/lib/active_record/connection_adapters/abstract/connection_pool.rb:245:in `checkout_new_connection'
    /home/mike/.gem/jruby/1.8/gems/activerecord-2.3.4/lib/active_record/connection_adapters/abstract/connection_pool.rb:188:in `checkout'
    /home/mike/.gem/jruby/1.8/gems/activerecord-2.3.4/lib/active_record/connection_adapters/abstract/connection_pool.rb:184:in `loop'
    /home/mike/.gem/jruby/1.8/gems/activerecord-2.3.4/lib/active_record/connection_adapters/abstract/connection_pool.rb:184:in `checkout'
    /opt/jruby/lib/ruby/1.8/monitor.rb:191:in `mon_synchronize'
    /home/mike/.gem/jruby/1.8/gems/activerecord-2.3.4/lib/active_record/connection_adapters/abstract/connection_pool.rb:183:in `checkout'
    /home/mike/.gem/jruby/1.8/gems/activerecord-2.3.4/lib/active_record/connection_adapters/abstract/connection_pool.rb:98:in `connection'
    /home/mike/.gem/jruby/1.8/gems/activerecord-2.3.4/lib/active_record/connection_adapters/abstract/connection_pool.rb:326:in `retrieve_connection'
    /home/mike/.gem/jruby/1.8/gems/activerecord-2.3.4/lib/active_record/connection_adapters/abstract/connection_specification.rb:123:in `retrieve_connection'
    /home/mike/.gem/jruby/1.8/gems/activerecord-2.3.4/lib/active_record/connection_adapters/abstract/connection_specification.rb:115:in `connection'
    /home/mike/.gem/jruby/1.8/gems/activerecord-2.3.4/lib/active_record/query_cache.rb:9:in `cache'
    /home/mike/.gem/jruby/1.8/gems/activerecord-2.3.4/lib/active_record/query_cache.rb:28:in `call'
    /home/mike/.gem/jruby/1.8/gems/activerecord-2.3.4/lib/active_record/connection_adapters/abstract/connection_pool.rb:361:in `call'
    /opt/jruby-1.3.1/lib/ruby/gems/1.8/gems/rack-1.0.0/lib/rack/head.rb:9:in `call'
    /opt/jruby-1.3.1/lib/ruby/gems/1.8/gems/rack-1.0.0/lib/rack/methodoverride.rb:24:in `call'
    /home/mike/.gem/jruby/1.8/gems/actionpack-2.3.4/lib/action_controller/params_parser.rb:15:in `call'
    /home/mike/.gem/jruby/1.8/gems/actionpack-2.3.4/lib/action_controller/session/cookie_store.rb:93:in `call'
    /home/mike/.gem/jruby/1.8/gems/actionpack-2.3.4/lib/action_controller/failsafe.rb:26:in `call'
    /opt/jruby-1.3.1/lib/ruby/gems/1.8/gems/rack-1.0.0/lib/rack/lock.rb:11:in `call'
    /home/mike/.gem/jruby/1.8/gems/actionpack-2.3.4/lib/action_controller/dispatcher.rb:114:in `call'
    /home/mike/.gem/jruby/1.8/gems/actionpack-2.3.4/lib/action_controller/reloader.rb:34:in `run'
    /home/mike/.gem/jruby/1.8/gems/actionpack-2.3.4/lib/action_controller/dispatcher.rb:108:in `call'
    /home/mike/.gem/jruby/1.8/gems/rails-2.3.4/lib/rails/rack/static.rb:31:in `call'
    /opt/jruby-1.3.1/lib/ruby/gems/1.8/gems/rack-1.0.0/lib/rack/urlmap.rb:48:in `call'
    /opt/jruby-1.3.1/lib/ruby/gems/1.8/gems/rack-1.0.0/lib/rack/urlmap.rb:40:in `each'
    /opt/jruby-1.3.1/lib/ruby/gems/1.8/gems/rack-1.0.0/lib/rack/urlmap.rb:40:in `call'
    /home/mike/.gem/jruby/1.8/gems/rails-2.3.4/lib/rails/rack/log_tailer.rb:17:in `call'
    /opt/jruby-1.3.1/lib/ruby/gems/1.8/gems/rack-1.0.0/lib/rack/content_length.rb:13:in `call'
    /opt/jruby-1.3.1/lib/ruby/gems/1.8/gems/rack-1.0.0/lib/rack/handler/webrick.rb:46:in `service'
    /opt/jruby/lib/ruby/1.8/webrick/httpserver.rb:104:in `service'
    /opt/jruby/lib/ruby/1.8/webrick/httpserver.rb:65:in `run'
    /opt/jruby/lib/ruby/1.8/webrick/server.rb:173:in `start_thread'
    /opt/jruby/lib/ruby/1.8/webrick/server.rb:162:in `start'
  [4;36;1mSQL (0.3ms)[0m   [0;1m SELECT name
 FROM sqlite_master
 WHERE type = 'table' AND NOT name = 'sqlite_sequence'
[0m
  [4;35;1mSQL (0.1ms)[0m   [0mselect sqlite_version(*)[0m
  [4;36;1mSQL (4.0ms)[0m   [0;1mCREATE TABLE "schema_migrations" ("version" varchar(255) NOT NULL) [0m
  [4;35;1mSQL (22.1ms)[0m   [0mCREATE UNIQUE INDEX "unique_schema_migrations" ON "schema_migrations" ("version")[0m
  [4;36;1mSQL (0.2ms)[0m   [0;1m SELECT name
 FROM sqlite_master
 WHERE type = 'table' AND NOT name = 'sqlite_sequence'
[0m
  [4;35;1mSQL (0.1ms)[0m   [0mSELECT version FROM schema_migrations[0m
Migrating to CreateAccounts (20090930201945)
  [4;36;1mSQL (0.2ms)[0m   [0;1m SELECT name
 FROM sqlite_master
 WHERE type = 'table' AND NOT name = 'sqlite_sequence'
[0m
  [4;35;1mSQL (0.4ms)[0m   [0mCREATE TABLE "accounts" ("id" INTEGER PRIMARY KEY AUTOINCREMENT NOT NULL, "name" varchar(255), "surname" varchar(255), "email" varchar(255), "salt" varchar(255), "crypted_password" varchar(255), "role" varchar(255), "modules" varchar(255), "created_at" datetime, "updated_at" datetime) [0m
  [4;36;1mAccount Load (0.1ms)[0m   [0;1mSELECT "accounts".id FROM "accounts" WHERE (LOWER("accounts"."email") = 'swanyboy4@gmail.com') LIMIT 1[0m
  [4;35;1mSQL (0.1ms)[0m   [0mINSERT INTO schema_migrations (version) VALUES ('20090930201945')[0m
  [4;36;1mSQL (0.3ms)[0m   [0;1m SELECT name
 FROM sqlite_master
 WHERE type = 'table' AND NOT name = 'sqlite_sequence'
[0m
  [4;35;1mSQL (0.1ms)[0m   [0mSELECT version FROM schema_migrations[0m
  [4;36;1mSQL (0.1ms)[0m   [0;1m SELECT name
 FROM sqlite_master
 WHERE type = 'table' AND NOT name = 'sqlite_sequence'
[0m
  [4;35;1mSQL (0.1ms)[0m   [0mPRAGMA index_list("accounts")[0m
/!\ FAILSAFE /!\  Wed Sep 30 16:26:23 -0400 2009
  Status: 500 Internal Server Error
  no such file to load -- sqlite3
    /opt/jruby/lib/ruby/site_ruby/1.8/rubygems/custom_require.rb:31:in `require'
    /opt/jruby/lib/ruby/site_ruby/1.8/rubygems/custom_require.rb:31:in `require'
    /home/mike/.gem/jruby/1.8/gems/activesupport-2.3.4/lib/active_support/dependencies.rb:156:in `require'
    /home/mike/.gem/jruby/1.8/gems/activesupport-2.3.4/lib/active_support/dependencies.rb:521:in `new_constants_in'
    /home/mike/.gem/jruby/1.8/gems/activesupport-2.3.4/lib/active_support/dependencies.rb:156:in `require'
    /home/mike/.gem/jruby/1.8/gems/activesupport-2.3.4/lib/active_support/core_ext/kernel/requires.rb:7:in `require_library_or_gem'
    /home/mike/.gem/jruby/1.8/gems/activesupport-2.3.4/lib/active_support/core_ext/kernel/reporting.rb:11:in `silence_warnings'
    /home/mike/.gem/jruby/1.8/gems/activesupport-2.3.4/lib/active_support/core_ext/kernel/requires.rb:5:in `require_library_or_gem'
    /home/mike/.gem/jruby/1.8/gems/activerecord-2.3.4/lib/active_record/connection_adapters/sqlite3_adapter.rb:10:in `sqlite3_connection'
    /home/mike/.gem/jruby/1.8/gems/activerecord-2.3.4/lib/active_record/connection_adapters/abstract/connection_pool.rb:223:in `new_connection'
    /home/mike/.gem/jruby/1.8/gems/activerecord-2.3.4/lib/active_record/connection_adapters/abstract/connection_pool.rb:245:in `checkout_new_connection'
    /home/mike/.gem/jruby/1.8/gems/activerecord-2.3.4/lib/active_record/connection_adapters/abstract/connection_pool.rb:188:in `checkout'
    /home/mike/.gem/jruby/1.8/gems/activerecord-2.3.4/lib/active_record/connection_adapters/abstract/connection_pool.rb:184:in `loop'
    /home/mike/.gem/jruby/1.8/gems/activerecord-2.3.4/lib/active_record/connection_adapters/abstract/connection_pool.rb:184:in `checkout'
    /opt/jruby/lib/ruby/1.8/monitor.rb:191:in `mon_synchronize'
    /home/mike/.gem/jruby/1.8/gems/activerecord-2.3.4/lib/active_record/connection_adapters/abstract/connection_pool.rb:183:in `checkout'
    /home/mike/.gem/jruby/1.8/gems/activerecord-2.3.4/lib/active_record/connection_adapters/abstract/connection_pool.rb:98:in `connection'
    /home/mike/.gem/jruby/1.8/gems/activerecord-2.3.4/lib/active_record/connection_adapters/abstract/connection_pool.rb:326:in `retrieve_connection'
    /home/mike/.gem/jruby/1.8/gems/activerecord-2.3.4/lib/active_record/connection_adapters/abstract/connection_specification.rb:123:in `retrieve_connection'
    /home/mike/.gem/jruby/1.8/gems/activerecord-2.3.4/lib/active_record/connection_adapters/abstract/connection_specification.rb:115:in `connection'
    /home/mike/.gem/jruby/1.8/gems/activerecord-2.3.4/lib/active_record/query_cache.rb:9:in `cache'
    /home/mike/.gem/jruby/1.8/gems/activerecord-2.3.4/lib/active_record/query_cache.rb:28:in `call'
    /home/mike/.gem/jruby/1.8/gems/activerecord-2.3.4/lib/active_record/connection_adapters/abstract/connection_pool.rb:361:in `call'
    /opt/jruby-1.3.1/lib/ruby/gems/1.8/gems/rack-1.0.0/lib/rack/head.rb:9:in `call'
    /opt/jruby-1.3.1/lib/ruby/gems/1.8/gems/rack-1.0.0/lib/rack/methodoverride.rb:24:in `call'
    /home/mike/.gem/jruby/1.8/gems/actionpack-2.3.4/lib/action_controller/params_parser.rb:15:in `call'
    /home/mike/.gem/jruby/1.8/gems/actionpack-2.3.4/lib/action_controller/session/cookie_store.rb:93:in `call'
    /home/mike/.gem/jruby/1.8/gems/actionpack-2.3.4/lib/action_controller/failsafe.rb:26:in `call'
    /opt/jruby-1.3.1/lib/ruby/gems/1.8/gems/rack-1.0.0/lib/rack/lock.rb:11:in `call'
    /home/mike/.gem/jruby/1.8/gems/actionpack-2.3.4/lib/action_controller/dispatcher.rb:114:in `call'
    /home/mike/.gem/jruby/1.8/gems/actionpack-2.3.4/lib/action_controller/reloader.rb:34:in `run'
    /home/mike/.gem/jruby/1.8/gems/actionpack-2.3.4/lib/action_controller/dispatcher.rb:108:in `call'
    /home/mike/.gem/jruby/1.8/gems/rails-2.3.4/lib/rails/rack/static.rb:31:in `call'
    /opt/jruby-1.3.1/lib/ruby/gems/1.8/gems/rack-1.0.0/lib/rack/urlmap.rb:48:in `call'
    /opt/jruby-1.3.1/lib/ruby/gems/1.8/gems/rack-1.0.0/lib/rack/urlmap.rb:40:in `each'
    /opt/jruby-1.3.1/lib/ruby/gems/1.8/gems/rack-1.0.0/lib/rack/urlmap.rb:40:in `call'
    /home/mike/.gem/jruby/1.8/gems/rails-2.3.4/lib/rails/rack/log_tailer.rb:17:in `call'
    /opt/jruby-1.3.1/lib/ruby/gems/1.8/gems/rack-1.0.0/lib/rack/content_length.rb:13:in `call'
    /opt/jruby-1.3.1/lib/ruby/gems/1.8/gems/rack-1.0.0/lib/rack/handler/webrick.rb:46:in `service'
    /opt/jruby/lib/ruby/1.8/webrick/httpserver.rb:104:in `service'
    /opt/jruby/lib/ruby/1.8/webrick/httpserver.rb:65:in `run'
    /opt/jruby/lib/ruby/1.8/webrick/server.rb:173:in `start_thread'
    /opt/jruby/lib/ruby/1.8/webrick/server.rb:162:in `start'
/!\ FAILSAFE /!\  Wed Sep 30 16:27:02 -0400 2009
  Status: 500 Internal Server Error
  no such file to load -- sqlite3
    /opt/jruby/lib/ruby/site_ruby/1.8/rubygems/custom_require.rb:31:in `require'
    /opt/jruby/lib/ruby/site_ruby/1.8/rubygems/custom_require.rb:31:in `require'
    /home/mike/.gem/jruby/1.8/gems/activesupport-2.3.4/lib/active_support/dependencies.rb:156:in `require'
    /home/mike/.gem/jruby/1.8/gems/activesupport-2.3.4/lib/active_support/dependencies.rb:521:in `new_constants_in'
    /home/mike/.gem/jruby/1.8/gems/activesupport-2.3.4/lib/active_support/dependencies.rb:156:in `require'
    /home/mike/.gem/jruby/1.8/gems/activesupport-2.3.4/lib/active_support/core_ext/kernel/requires.rb:7:in `require_library_or_gem'
    /home/mike/.gem/jruby/1.8/gems/activesupport-2.3.4/lib/active_support/core_ext/kernel/reporting.rb:11:in `silence_warnings'
    /home/mike/.gem/jruby/1.8/gems/activesupport-2.3.4/lib/active_support/core_ext/kernel/requires.rb:5:in `require_library_or_gem'
    /home/mike/.gem/jruby/1.8/gems/activerecord-2.3.4/lib/active_record/connection_adapters/sqlite3_adapter.rb:10:in `sqlite3_connection'
    /home/mike/.gem/jruby/1.8/gems/activerecord-2.3.4/lib/active_record/connection_adapters/abstract/connection_pool.rb:223:in `new_connection'
    /home/mike/.gem/jruby/1.8/gems/activerecord-2.3.4/lib/active_record/connection_adapters/abstract/connection_pool.rb:245:in `checkout_new_connection'
    /home/mike/.gem/jruby/1.8/gems/activerecord-2.3.4/lib/active_record/connection_adapters/abstract/connection_pool.rb:188:in `checkout'
    /home/mike/.gem/jruby/1.8/gems/activerecord-2.3.4/lib/active_record/connection_adapters/abstract/connection_pool.rb:184:in `loop'
    /home/mike/.gem/jruby/1.8/gems/activerecord-2.3.4/lib/active_record/connection_adapters/abstract/connection_pool.rb:184:in `checkout'
    /opt/jruby/lib/ruby/1.8/monitor.rb:191:in `mon_synchronize'
    /home/mike/.gem/jruby/1.8/gems/activerecord-2.3.4/lib/active_record/connection_adapters/abstract/connection_pool.rb:183:in `checkout'
    /home/mike/.gem/jruby/1.8/gems/activerecord-2.3.4/lib/active_record/connection_adapters/abstract/connection_pool.rb:98:in `connection'
    /home/mike/.gem/jruby/1.8/gems/activerecord-2.3.4/lib/active_record/connection_adapters/abstract/connection_pool.rb:326:in `retrieve_connection'
    /home/mike/.gem/jruby/1.8/gems/activerecord-2.3.4/lib/active_record/connection_adapters/abstract/connection_specification.rb:123:in `retrieve_connection'
    /home/mike/.gem/jruby/1.8/gems/activerecord-2.3.4/lib/active_record/connection_adapters/abstract/connection_specification.rb:115:in `connection'
    /home/mike/.gem/jruby/1.8/gems/activerecord-2.3.4/lib/active_record/query_cache.rb:9:in `cache'
    /home/mike/.gem/jruby/1.8/gems/activerecord-2.3.4/lib/active_record/query_cache.rb:28:in `call'
    /home/mike/.gem/jruby/1.8/gems/activerecord-2.3.4/lib/active_record/connection_adapters/abstract/connection_pool.rb:361:in `call'
    /opt/jruby-1.3.1/lib/ruby/gems/1.8/gems/rack-1.0.0/lib/rack/head.rb:9:in `call'
    /opt/jruby-1.3.1/lib/ruby/gems/1.8/gems/rack-1.0.0/lib/rack/methodoverride.rb:24:in `call'
    /home/mike/.gem/jruby/1.8/gems/actionpack-2.3.4/lib/action_controller/params_parser.rb:15:in `call'
    /home/mike/.gem/jruby/1.8/gems/actionpack-2.3.4/lib/action_controller/session/cookie_store.rb:93:in `call'
    /home/mike/.gem/jruby/1.8/gems/actionpack-2.3.4/lib/action_controller/failsafe.rb:26:in `call'
    /opt/jruby-1.3.1/lib/ruby/gems/1.8/gems/rack-1.0.0/lib/rack/lock.rb:11:in `call'
    /home/mike/.gem/jruby/1.8/gems/actionpack-2.3.4/lib/action_controller/dispatcher.rb:114:in `call'
    /home/mike/.gem/jruby/1.8/gems/actionpack-2.3.4/lib/action_controller/reloader.rb:34:in `run'
    /home/mike/.gem/jruby/1.8/gems/actionpack-2.3.4/lib/action_controller/dispatcher.rb:108:in `call'
    /home/mike/.gem/jruby/1.8/gems/rails-2.3.4/lib/rails/rack/static.rb:31:in `call'
    /opt/jruby-1.3.1/lib/ruby/gems/1.8/gems/rack-1.0.0/lib/rack/urlmap.rb:48:in `call'
    /opt/jruby-1.3.1/lib/ruby/gems/1.8/gems/rack-1.0.0/lib/rack/urlmap.rb:40:in `each'
    /opt/jruby-1.3.1/lib/ruby/gems/1.8/gems/rack-1.0.0/lib/rack/urlmap.rb:40:in `call'
    /home/mike/.gem/jruby/1.8/gems/rails-2.3.4/lib/rails/rack/log_tailer.rb:17:in `call'
    /opt/jruby-1.3.1/lib/ruby/gems/1.8/gems/rack-1.0.0/lib/rack/content_length.rb:13:in `call'
    /opt/jruby-1.3.1/lib/ruby/gems/1.8/gems/rack-1.0.0/lib/rack/handler/webrick.rb:46:in `service'
    /opt/jruby/lib/ruby/1.8/webrick/httpserver.rb:104:in `service'
    /opt/jruby/lib/ruby/1.8/webrick/httpserver.rb:65:in `run'
    /opt/jruby/lib/ruby/1.8/webrick/server.rb:173:in `start_thread'
    /opt/jruby/lib/ruby/1.8/webrick/server.rb:162:in `start'
/!\ FAILSAFE /!\  Wed Sep 30 16:28:38 -0400 2009
  Status: 500 Internal Server Error
  no such file to load -- sqlite3
    /opt/jruby/lib/ruby/site_ruby/1.8/rubygems/custom_require.rb:31:in `require'
    /opt/jruby/lib/ruby/site_ruby/1.8/rubygems/custom_require.rb:31:in `require'
    /home/mike/.gem/jruby/1.8/gems/activesupport-2.3.4/lib/active_support/dependencies.rb:156:in `require'
    /home/mike/.gem/jruby/1.8/gems/activesupport-2.3.4/lib/active_support/dependencies.rb:521:in `new_constants_in'
    /home/mike/.gem/jruby/1.8/gems/activesupport-2.3.4/lib/active_support/dependencies.rb:156:in `require'
    /home/mike/.gem/jruby/1.8/gems/activesupport-2.3.4/lib/active_support/core_ext/kernel/requires.rb:7:in `require_library_or_gem'
    /home/mike/.gem/jruby/1.8/gems/activesupport-2.3.4/lib/active_support/core_ext/kernel/reporting.rb:11:in `silence_warnings'
    /home/mike/.gem/jruby/1.8/gems/activesupport-2.3.4/lib/active_support/core_ext/kernel/requires.rb:5:in `require_library_or_gem'
    /home/mike/.gem/jruby/1.8/gems/activerecord-2.3.4/lib/active_record/connection_adapters/sqlite3_adapter.rb:10:in `sqlite3_connection'
    /home/mike/.gem/jruby/1.8/gems/activerecord-2.3.4/lib/active_record/connection_adapters/abstract/connection_pool.rb:223:in `new_connection'
    /home/mike/.gem/jruby/1.8/gems/activerecord-2.3.4/lib/active_record/connection_adapters/abstract/connection_pool.rb:245:in `checkout_new_connection'
    /home/mike/.gem/jruby/1.8/gems/activerecord-2.3.4/lib/active_record/connection_adapters/abstract/connection_pool.rb:188:in `checkout'
    /home/mike/.gem/jruby/1.8/gems/activerecord-2.3.4/lib/active_record/connection_adapters/abstract/connection_pool.rb:184:in `loop'
    /home/mike/.gem/jruby/1.8/gems/activerecord-2.3.4/lib/active_record/connection_adapters/abstract/connection_pool.rb:184:in `checkout'
    /opt/jruby/lib/ruby/1.8/monitor.rb:191:in `mon_synchronize'
    /home/mike/.gem/jruby/1.8/gems/activerecord-2.3.4/lib/active_record/connection_adapters/abstract/connection_pool.rb:183:in `checkout'
    /home/mike/.gem/jruby/1.8/gems/activerecord-2.3.4/lib/active_record/connection_adapters/abstract/connection_pool.rb:98:in `connection'
    /home/mike/.gem/jruby/1.8/gems/activerecord-2.3.4/lib/active_record/connection_adapters/abstract/connection_pool.rb:326:in `retrieve_connection'
    /home/mike/.gem/jruby/1.8/gems/activerecord-2.3.4/lib/active_record/connection_adapters/abstract/connection_specification.rb:123:in `retrieve_connection'
    /home/mike/.gem/jruby/1.8/gems/activerecord-2.3.4/lib/active_record/connection_adapters/abstract/connection_specification.rb:115:in `connection'
    /home/mike/.gem/jruby/1.8/gems/activerecord-2.3.4/lib/active_record/query_cache.rb:9:in `cache'
    /home/mike/.gem/jruby/1.8/gems/activerecord-2.3.4/lib/active_record/query_cache.rb:28:in `call'
    /home/mike/.gem/jruby/1.8/gems/activerecord-2.3.4/lib/active_record/connection_adapters/abstract/connection_pool.rb:361:in `call'
    /opt/jruby-1.3.1/lib/ruby/gems/1.8/gems/rack-1.0.0/lib/rack/head.rb:9:in `call'
    /opt/jruby-1.3.1/lib/ruby/gems/1.8/gems/rack-1.0.0/lib/rack/methodoverride.rb:24:in `call'
    /home/mike/.gem/jruby/1.8/gems/actionpack-2.3.4/lib/action_controller/params_parser.rb:15:in `call'
    /home/mike/.gem/jruby/1.8/gems/actionpack-2.3.4/lib/action_controller/session/cookie_store.rb:93:in `call'
    /home/mike/.gem/jruby/1.8/gems/actionpack-2.3.4/lib/action_controller/failsafe.rb:26:in `call'
    /opt/jruby-1.3.1/lib/ruby/gems/1.8/gems/rack-1.0.0/lib/rack/lock.rb:11:in `call'
    /home/mike/.gem/jruby/1.8/gems/actionpack-2.3.4/lib/action_controller/dispatcher.rb:114:in `call'
    /home/mike/.gem/jruby/1.8/gems/actionpack-2.3.4/lib/action_controller/reloader.rb:34:in `run'
    /home/mike/.gem/jruby/1.8/gems/actionpack-2.3.4/lib/action_controller/dispatcher.rb:108:in `call'
    /home/mike/.gem/jruby/1.8/gems/rails-2.3.4/lib/rails/rack/static.rb:31:in `call'
    /opt/jruby-1.3.1/lib/ruby/gems/1.8/gems/rack-1.0.0/lib/rack/urlmap.rb:48:in `call'
    /opt/jruby-1.3.1/lib/ruby/gems/1.8/gems/rack-1.0.0/lib/rack/urlmap.rb:40:in `each'
    /opt/jruby-1.3.1/lib/ruby/gems/1.8/gems/rack-1.0.0/lib/rack/urlmap.rb:40:in `call'
    /home/mike/.gem/jruby/1.8/gems/rails-2.3.4/lib/rails/rack/log_tailer.rb:17:in `call'
    /opt/jruby-1.3.1/lib/ruby/gems/1.8/gems/rack-1.0.0/lib/rack/content_length.rb:13:in `call'
    /opt/jruby-1.3.1/lib/ruby/gems/1.8/gems/rack-1.0.0/lib/rack/handler/webrick.rb:46:in `service'
    /opt/jruby/lib/ruby/1.8/webrick/httpserver.rb:104:in `service'
    /opt/jruby/lib/ruby/1.8/webrick/httpserver.rb:65:in `run'
    /opt/jruby/lib/ruby/1.8/webrick/server.rb:173:in `start_thread'
    /opt/jruby/lib/ruby/1.8/webrick/server.rb:162:in `start'
/!\ FAILSAFE /!\  Wed Sep 30 16:30:15 -0400 2009
  Status: 500 Internal Server Error
  no such file to load -- sqlite3
    /opt/jruby/lib/ruby/site_ruby/1.8/rubygems/custom_require.rb:31:in `require'
    /opt/jruby/lib/ruby/site_ruby/1.8/rubygems/custom_require.rb:31:in `require'
    /home/mike/.gem/jruby/1.8/gems/activesupport-2.3.4/lib/active_support/dependencies.rb:156:in `require'
    /home/mike/.gem/jruby/1.8/gems/activesupport-2.3.4/lib/active_support/dependencies.rb:521:in `new_constants_in'
    /home/mike/.gem/jruby/1.8/gems/activesupport-2.3.4/lib/active_support/dependencies.rb:156:in `require'
    /home/mike/.gem/jruby/1.8/gems/activesupport-2.3.4/lib/active_support/core_ext/kernel/requires.rb:7:in `require_library_or_gem'
    /home/mike/.gem/jruby/1.8/gems/activesupport-2.3.4/lib/active_support/core_ext/kernel/reporting.rb:11:in `silence_warnings'
    /home/mike/.gem/jruby/1.8/gems/activesupport-2.3.4/lib/active_support/core_ext/kernel/requires.rb:5:in `require_library_or_gem'
    /home/mike/.gem/jruby/1.8/gems/activerecord-2.3.4/lib/active_record/connection_adapters/sqlite3_adapter.rb:10:in `sqlite3_connection'
    /home/mike/.gem/jruby/1.8/gems/activerecord-2.3.4/lib/active_record/connection_adapters/abstract/connection_pool.rb:223:in `new_connection'
    /home/mike/.gem/jruby/1.8/gems/activerecord-2.3.4/lib/active_record/connection_adapters/abstract/connection_pool.rb:245:in `checkout_new_connection'
    /home/mike/.gem/jruby/1.8/gems/activerecord-2.3.4/lib/active_record/connection_adapters/abstract/connection_pool.rb:188:in `checkout'
    /home/mike/.gem/jruby/1.8/gems/activerecord-2.3.4/lib/active_record/connection_adapters/abstract/connection_pool.rb:184:in `loop'
    /home/mike/.gem/jruby/1.8/gems/activerecord-2.3.4/lib/active_record/connection_adapters/abstract/connection_pool.rb:184:in `checkout'
    /opt/jruby/lib/ruby/1.8/monitor.rb:191:in `mon_synchronize'
    /home/mike/.gem/jruby/1.8/gems/activerecord-2.3.4/lib/active_record/connection_adapters/abstract/connection_pool.rb:183:in `checkout'
    /home/mike/.gem/jruby/1.8/gems/activerecord-2.3.4/lib/active_record/connection_adapters/abstract/connection_pool.rb:98:in `connection'
    /home/mike/.gem/jruby/1.8/gems/activerecord-2.3.4/lib/active_record/connection_adapters/abstract/connection_pool.rb:326:in `retrieve_connection'
    /home/mike/.gem/jruby/1.8/gems/activerecord-2.3.4/lib/active_record/connection_adapters/abstract/connection_specification.rb:123:in `retrieve_connection'
    /home/mike/.gem/jruby/1.8/gems/activerecord-2.3.4/lib/active_record/connection_adapters/abstract/connection_specification.rb:115:in `connection'
    /home/mike/.gem/jruby/1.8/gems/activerecord-2.3.4/lib/active_record/query_cache.rb:9:in `cache'
    /home/mike/.gem/jruby/1.8/gems/activerecord-2.3.4/lib/active_record/query_cache.rb:28:in `call'
    /home/mike/.gem/jruby/1.8/gems/activerecord-2.3.4/lib/active_record/connection_adapters/abstract/connection_pool.rb:361:in `call'
    /opt/jruby-1.3.1/lib/ruby/gems/1.8/gems/rack-1.0.0/lib/rack/head.rb:9:in `call'
    /opt/jruby-1.3.1/lib/ruby/gems/1.8/gems/rack-1.0.0/lib/rack/methodoverride.rb:24:in `call'
    /home/mike/.gem/jruby/1.8/gems/actionpack-2.3.4/lib/action_controller/params_parser.rb:15:in `call'
    /home/mike/.gem/jruby/1.8/gems/actionpack-2.3.4/lib/action_controller/session/cookie_store.rb:93:in `call'
    /home/mike/.gem/jruby/1.8/gems/actionpack-2.3.4/lib/action_controller/failsafe.rb:26:in `call'
    /opt/jruby-1.3.1/lib/ruby/gems/1.8/gems/rack-1.0.0/lib/rack/lock.rb:11:in `call'
    /home/mike/.gem/jruby/1.8/gems/actionpack-2.3.4/lib/action_controller/dispatcher.rb:114:in `call'
    /home/mike/.gem/jruby/1.8/gems/actionpack-2.3.4/lib/action_controller/reloader.rb:34:in `run'
    /home/mike/.gem/jruby/1.8/gems/actionpack-2.3.4/lib/action_controller/dispatcher.rb:108:in `call'
    /home/mike/.gem/jruby/1.8/gems/rails-2.3.4/lib/rails/rack/static.rb:31:in `call'
    /opt/jruby-1.3.1/lib/ruby/gems/1.8/gems/rack-1.0.0/lib/rack/urlmap.rb:48:in `call'
    /opt/jruby-1.3.1/lib/ruby/gems/1.8/gems/rack-1.0.0/lib/rack/urlmap.rb:40:in `each'
    /opt/jruby-1.3.1/lib/ruby/gems/1.8/gems/rack-1.0.0/lib/rack/urlmap.rb:40:in `call'
    /home/mike/.gem/jruby/1.8/gems/rails-2.3.4/lib/rails/rack/log_tailer.rb:17:in `call'
    /opt/jruby-1.3.1/lib/ruby/gems/1.8/gems/rack-1.0.0/lib/rack/content_length.rb:13:in `call'
    /opt/jruby-1.3.1/lib/ruby/gems/1.8/gems/rack-1.0.0/lib/rack/handler/webrick.rb:46:in `service'
    /opt/jruby/lib/ruby/1.8/webrick/httpserver.rb:104:in `service'
    /opt/jruby/lib/ruby/1.8/webrick/httpserver.rb:65:in `run'
    /opt/jruby/lib/ruby/1.8/webrick/server.rb:173:in `start_thread'
    /opt/jruby/lib/ruby/1.8/webrick/server.rb:162:in `start'
/!\ FAILSAFE /!\  Wed Sep 30 16:30:16 -0400 2009
  Status: 500 Internal Server Error
  no such file to load -- sqlite3
    /opt/jruby/lib/ruby/site_ruby/1.8/rubygems/custom_require.rb:31:in `require'
    /opt/jruby/lib/ruby/site_ruby/1.8/rubygems/custom_require.rb:31:in `require'
    /home/mike/.gem/jruby/1.8/gems/activesupport-2.3.4/lib/active_support/dependencies.rb:156:in `require'
    /home/mike/.gem/jruby/1.8/gems/activesupport-2.3.4/lib/active_support/dependencies.rb:521:in `new_constants_in'
    /home/mike/.gem/jruby/1.8/gems/activesupport-2.3.4/lib/active_support/dependencies.rb:156:in `require'
    /home/mike/.gem/jruby/1.8/gems/activesupport-2.3.4/lib/active_support/core_ext/kernel/requires.rb:7:in `require_library_or_gem'
    /home/mike/.gem/jruby/1.8/gems/activesupport-2.3.4/lib/active_support/core_ext/kernel/reporting.rb:11:in `silence_warnings'
    /home/mike/.gem/jruby/1.8/gems/activesupport-2.3.4/lib/active_support/core_ext/kernel/requires.rb:5:in `require_library_or_gem'
    /home/mike/.gem/jruby/1.8/gems/activerecord-2.3.4/lib/active_record/connection_adapters/sqlite3_adapter.rb:10:in `sqlite3_connection'
    /home/mike/.gem/jruby/1.8/gems/activerecord-2.3.4/lib/active_record/connection_adapters/abstract/connection_pool.rb:223:in `new_connection'
    /home/mike/.gem/jruby/1.8/gems/activerecord-2.3.4/lib/active_record/connection_adapters/abstract/connection_pool.rb:245:in `checkout_new_connection'
    /home/mike/.gem/jruby/1.8/gems/activerecord-2.3.4/lib/active_record/connection_adapters/abstract/connection_pool.rb:188:in `checkout'
    /home/mike/.gem/jruby/1.8/gems/activerecord-2.3.4/lib/active_record/connection_adapters/abstract/connection_pool.rb:184:in `loop'
    /home/mike/.gem/jruby/1.8/gems/activerecord-2.3.4/lib/active_record/connection_adapters/abstract/connection_pool.rb:184:in `checkout'
    /opt/jruby/lib/ruby/1.8/monitor.rb:191:in `mon_synchronize'
    /home/mike/.gem/jruby/1.8/gems/activerecord-2.3.4/lib/active_record/connection_adapters/abstract/connection_pool.rb:183:in `checkout'
    /home/mike/.gem/jruby/1.8/gems/activerecord-2.3.4/lib/active_record/connection_adapters/abstract/connection_pool.rb:98:in `connection'
    /home/mike/.gem/jruby/1.8/gems/activerecord-2.3.4/lib/active_record/connection_adapters/abstract/connection_pool.rb:326:in `retrieve_connection'
    /home/mike/.gem/jruby/1.8/gems/activerecord-2.3.4/lib/active_record/connection_adapters/abstract/connection_specification.rb:123:in `retrieve_connection'
    /home/mike/.gem/jruby/1.8/gems/activerecord-2.3.4/lib/active_record/connection_adapters/abstract/connection_specification.rb:115:in `connection'
    /home/mike/.gem/jruby/1.8/gems/activerecord-2.3.4/lib/active_record/query_cache.rb:9:in `cache'
    /home/mike/.gem/jruby/1.8/gems/activerecord-2.3.4/lib/active_record/query_cache.rb:28:in `call'
    /home/mike/.gem/jruby/1.8/gems/activerecord-2.3.4/lib/active_record/connection_adapters/abstract/connection_pool.rb:361:in `call'
    /opt/jruby-1.3.1/lib/ruby/gems/1.8/gems/rack-1.0.0/lib/rack/head.rb:9:in `call'
    /opt/jruby-1.3.1/lib/ruby/gems/1.8/gems/rack-1.0.0/lib/rack/methodoverride.rb:24:in `call'
    /home/mike/.gem/jruby/1.8/gems/actionpack-2.3.4/lib/action_controller/params_parser.rb:15:in `call'
    /home/mike/.gem/jruby/1.8/gems/actionpack-2.3.4/lib/action_controller/session/cookie_store.rb:93:in `call'
    /home/mike/.gem/jruby/1.8/gems/actionpack-2.3.4/lib/action_controller/failsafe.rb:26:in `call'
    /opt/jruby-1.3.1/lib/ruby/gems/1.8/gems/rack-1.0.0/lib/rack/lock.rb:11:in `call'
    /home/mike/.gem/jruby/1.8/gems/actionpack-2.3.4/lib/action_controller/dispatcher.rb:114:in `call'
    /home/mike/.gem/jruby/1.8/gems/actionpack-2.3.4/lib/action_controller/reloader.rb:34:in `run'
    /home/mike/.gem/jruby/1.8/gems/actionpack-2.3.4/lib/action_controller/dispatcher.rb:108:in `call'
    /home/mike/.gem/jruby/1.8/gems/rails-2.3.4/lib/rails/rack/static.rb:31:in `call'
    /opt/jruby-1.3.1/lib/ruby/gems/1.8/gems/rack-1.0.0/lib/rack/urlmap.rb:48:in `call'
    /opt/jruby-1.3.1/lib/ruby/gems/1.8/gems/rack-1.0.0/lib/rack/urlmap.rb:40:in `each'
    /opt/jruby-1.3.1/lib/ruby/gems/1.8/gems/rack-1.0.0/lib/rack/urlmap.rb:40:in `call'
    /home/mike/.gem/jruby/1.8/gems/rails-2.3.4/lib/rails/rack/log_tailer.rb:17:in `call'
    /opt/jruby-1.3.1/lib/ruby/gems/1.8/gems/rack-1.0.0/lib/rack/content_length.rb:13:in `call'
    /opt/jruby-1.3.1/lib/ruby/gems/1.8/gems/rack-1.0.0/lib/rack/handler/webrick.rb:46:in `service'
    /opt/jruby/lib/ruby/1.8/webrick/httpserver.rb:104:in `service'
    /opt/jruby/lib/ruby/1.8/webrick/httpserver.rb:65:in `run'
    /opt/jruby/lib/ruby/1.8/webrick/server.rb:173:in `start_thread'
    /opt/jruby/lib/ruby/1.8/webrick/server.rb:162:in `start'
/!\ FAILSAFE /!\  Wed Sep 30 16:30:17 -0400 2009
  Status: 500 Internal Server Error
  no such file to load -- sqlite3
    /opt/jruby/lib/ruby/site_ruby/1.8/rubygems/custom_require.rb:31:in `require'
    /opt/jruby/lib/ruby/site_ruby/1.8/rubygems/custom_require.rb:31:in `require'
    /home/mike/.gem/jruby/1.8/gems/activesupport-2.3.4/lib/active_support/dependencies.rb:156:in `require'
    /home/mike/.gem/jruby/1.8/gems/activesupport-2.3.4/lib/active_support/dependencies.rb:521:in `new_constants_in'
    /home/mike/.gem/jruby/1.8/gems/activesupport-2.3.4/lib/active_support/dependencies.rb:156:in `require'
    /home/mike/.gem/jruby/1.8/gems/activesupport-2.3.4/lib/active_support/core_ext/kernel/requires.rb:7:in `require_library_or_gem'
    /home/mike/.gem/jruby/1.8/gems/activesupport-2.3.4/lib/active_support/core_ext/kernel/reporting.rb:11:in `silence_warnings'
    /home/mike/.gem/jruby/1.8/gems/activesupport-2.3.4/lib/active_support/core_ext/kernel/requires.rb:5:in `require_library_or_gem'
    /home/mike/.gem/jruby/1.8/gems/activerecord-2.3.4/lib/active_record/connection_adapters/sqlite3_adapter.rb:10:in `sqlite3_connection'
    /home/mike/.gem/jruby/1.8/gems/activerecord-2.3.4/lib/active_record/connection_adapters/abstract/connection_pool.rb:223:in `new_connection'
    /home/mike/.gem/jruby/1.8/gems/activerecord-2.3.4/lib/active_record/connection_adapters/abstract/connection_pool.rb:245:in `checkout_new_connection'
    /home/mike/.gem/jruby/1.8/gems/activerecord-2.3.4/lib/active_record/connection_adapters/abstract/connection_pool.rb:188:in `checkout'
    /home/mike/.gem/jruby/1.8/gems/activerecord-2.3.4/lib/active_record/connection_adapters/abstract/connection_pool.rb:184:in `loop'
    /home/mike/.gem/jruby/1.8/gems/activerecord-2.3.4/lib/active_record/connection_adapters/abstract/connection_pool.rb:184:in `checkout'
    /opt/jruby/lib/ruby/1.8/monitor.rb:191:in `mon_synchronize'
    /home/mike/.gem/jruby/1.8/gems/activerecord-2.3.4/lib/active_record/connection_adapters/abstract/connection_pool.rb:183:in `checkout'
    /home/mike/.gem/jruby/1.8/gems/activerecord-2.3.4/lib/active_record/connection_adapters/abstract/connection_pool.rb:98:in `connection'
    /home/mike/.gem/jruby/1.8/gems/activerecord-2.3.4/lib/active_record/connection_adapters/abstract/connection_pool.rb:326:in `retrieve_connection'
    /home/mike/.gem/jruby/1.8/gems/activerecord-2.3.4/lib/active_record/connection_adapters/abstract/connection_specification.rb:123:in `retrieve_connection'
    /home/mike/.gem/jruby/1.8/gems/activerecord-2.3.4/lib/active_record/connection_adapters/abstract/connection_specification.rb:115:in `connection'
    /home/mike/.gem/jruby/1.8/gems/activerecord-2.3.4/lib/active_record/query_cache.rb:9:in `cache'
    /home/mike/.gem/jruby/1.8/gems/activerecord-2.3.4/lib/active_record/query_cache.rb:28:in `call'
    /home/mike/.gem/jruby/1.8/gems/activerecord-2.3.4/lib/active_record/connection_adapters/abstract/connection_pool.rb:361:in `call'
    /opt/jruby-1.3.1/lib/ruby/gems/1.8/gems/rack-1.0.0/lib/rack/head.rb:9:in `call'
    /opt/jruby-1.3.1/lib/ruby/gems/1.8/gems/rack-1.0.0/lib/rack/methodoverride.rb:24:in `call'
    /home/mike/.gem/jruby/1.8/gems/actionpack-2.3.4/lib/action_controller/params_parser.rb:15:in `call'
    /home/mike/.gem/jruby/1.8/gems/actionpack-2.3.4/lib/action_controller/session/cookie_store.rb:93:in `call'
    /home/mike/.gem/jruby/1.8/gems/actionpack-2.3.4/lib/action_controller/failsafe.rb:26:in `call'
    /opt/jruby-1.3.1/lib/ruby/gems/1.8/gems/rack-1.0.0/lib/rack/lock.rb:11:in `call'
    /home/mike/.gem/jruby/1.8/gems/actionpack-2.3.4/lib/action_controller/dispatcher.rb:114:in `call'
    /home/mike/.gem/jruby/1.8/gems/actionpack-2.3.4/lib/action_controller/reloader.rb:34:in `run'
    /home/mike/.gem/jruby/1.8/gems/actionpack-2.3.4/lib/action_controller/dispatcher.rb:108:in `call'
    /home/mike/.gem/jruby/1.8/gems/rails-2.3.4/lib/rails/rack/static.rb:31:in `call'
    /opt/jruby-1.3.1/lib/ruby/gems/1.8/gems/rack-1.0.0/lib/rack/urlmap.rb:48:in `call'
    /opt/jruby-1.3.1/lib/ruby/gems/1.8/gems/rack-1.0.0/lib/rack/urlmap.rb:40:in `each'
    /opt/jruby-1.3.1/lib/ruby/gems/1.8/gems/rack-1.0.0/lib/rack/urlmap.rb:40:in `call'
    /home/mike/.gem/jruby/1.8/gems/rails-2.3.4/lib/rails/rack/log_tailer.rb:17:in `call'
    /opt/jruby-1.3.1/lib/ruby/gems/1.8/gems/rack-1.0.0/lib/rack/content_length.rb:13:in `call'
    /opt/jruby-1.3.1/lib/ruby/gems/1.8/gems/rack-1.0.0/lib/rack/handler/webrick.rb:46:in `service'
    /opt/jruby/lib/ruby/1.8/webrick/httpserver.rb:104:in `service'
    /opt/jruby/lib/ruby/1.8/webrick/httpserver.rb:65:in `run'
    /opt/jruby/lib/ruby/1.8/webrick/server.rb:173:in `start_thread'
    /opt/jruby/lib/ruby/1.8/webrick/server.rb:162:in `start'
/!\ FAILSAFE /!\  Wed Sep 30 16:32:02 -0400 2009
  Status: 500 Internal Server Error
  no such file to load -- sqlite3
    /opt/jruby/lib/ruby/site_ruby/1.8/rubygems/custom_require.rb:31:in `require'
    /opt/jruby/lib/ruby/site_ruby/1.8/rubygems/custom_require.rb:31:in `require'
    /home/mike/.gem/jruby/1.8/gems/activesupport-2.3.4/lib/active_support/dependencies.rb:156:in `require'
    /home/mike/.gem/jruby/1.8/gems/activesupport-2.3.4/lib/active_support/dependencies.rb:521:in `new_constants_in'
    /home/mike/.gem/jruby/1.8/gems/activesupport-2.3.4/lib/active_support/dependencies.rb:156:in `require'
    /home/mike/.gem/jruby/1.8/gems/activesupport-2.3.4/lib/active_support/core_ext/kernel/requires.rb:7:in `require_library_or_gem'
    /home/mike/.gem/jruby/1.8/gems/activesupport-2.3.4/lib/active_support/core_ext/kernel/reporting.rb:11:in `silence_warnings'
    /home/mike/.gem/jruby/1.8/gems/activesupport-2.3.4/lib/active_support/core_ext/kernel/requires.rb:5:in `require_library_or_gem'
    /home/mike/.gem/jruby/1.8/gems/activerecord-2.3.4/lib/active_record/connection_adapters/sqlite3_adapter.rb:10:in `sqlite3_connection'
    /home/mike/.gem/jruby/1.8/gems/activerecord-2.3.4/lib/active_record/connection_adapters/abstract/connection_pool.rb:223:in `new_connection'
    /home/mike/.gem/jruby/1.8/gems/activerecord-2.3.4/lib/active_record/connection_adapters/abstract/connection_pool.rb:245:in `checkout_new_connection'
    /home/mike/.gem/jruby/1.8/gems/activerecord-2.3.4/lib/active_record/connection_adapters/abstract/connection_pool.rb:188:in `checkout'
    /home/mike/.gem/jruby/1.8/gems/activerecord-2.3.4/lib/active_record/connection_adapters/abstract/connection_pool.rb:184:in `loop'
    /home/mike/.gem/jruby/1.8/gems/activerecord-2.3.4/lib/active_record/connection_adapters/abstract/connection_pool.rb:184:in `checkout'
    /opt/jruby/lib/ruby/1.8/monitor.rb:191:in `mon_synchronize'
    /home/mike/.gem/jruby/1.8/gems/activerecord-2.3.4/lib/active_record/connection_adapters/abstract/connection_pool.rb:183:in `checkout'
    /home/mike/.gem/jruby/1.8/gems/activerecord-2.3.4/lib/active_record/connection_adapters/abstract/connection_pool.rb:98:in `connection'
    /home/mike/.gem/jruby/1.8/gems/activerecord-2.3.4/lib/active_record/connection_adapters/abstract/connection_pool.rb:326:in `retrieve_connection'
    /home/mike/.gem/jruby/1.8/gems/activerecord-2.3.4/lib/active_record/connection_adapters/abstract/connection_specification.rb:123:in `retrieve_connection'
    /home/mike/.gem/jruby/1.8/gems/activerecord-2.3.4/lib/active_record/connection_adapters/abstract/connection_specification.rb:115:in `connection'
    /home/mike/.gem/jruby/1.8/gems/activerecord-2.3.4/lib/active_record/query_cache.rb:9:in `cache'
    /home/mike/.gem/jruby/1.8/gems/activerecord-2.3.4/lib/active_record/query_cache.rb:28:in `call'
    /home/mike/.gem/jruby/1.8/gems/activerecord-2.3.4/lib/active_record/connection_adapters/abstract/connection_pool.rb:361:in `call'
    /opt/jruby-1.3.1/lib/ruby/gems/1.8/gems/rack-1.0.0/lib/rack/head.rb:9:in `call'
    /opt/jruby-1.3.1/lib/ruby/gems/1.8/gems/rack-1.0.0/lib/rack/methodoverride.rb:24:in `call'
    /home/mike/.gem/jruby/1.8/gems/actionpack-2.3.4/lib/action_controller/params_parser.rb:15:in `call'
    /home/mike/.gem/jruby/1.8/gems/actionpack-2.3.4/lib/action_controller/session/cookie_store.rb:93:in `call'
    /home/mike/.gem/jruby/1.8/gems/actionpack-2.3.4/lib/action_controller/failsafe.rb:26:in `call'
    /opt/jruby-1.3.1/lib/ruby/gems/1.8/gems/rack-1.0.0/lib/rack/lock.rb:11:in `call'
    /home/mike/.gem/jruby/1.8/gems/actionpack-2.3.4/lib/action_controller/dispatcher.rb:114:in `call'
    /home/mike/.gem/jruby/1.8/gems/actionpack-2.3.4/lib/action_controller/reloader.rb:34:in `run'
    /home/mike/.gem/jruby/1.8/gems/actionpack-2.3.4/lib/action_controller/dispatcher.rb:108:in `call'
    /home/mike/.gem/jruby/1.8/gems/rails-2.3.4/lib/rails/rack/static.rb:31:in `call'
    /opt/jruby-1.3.1/lib/ruby/gems/1.8/gems/rack-1.0.0/lib/rack/urlmap.rb:48:in `call'
    /opt/jruby-1.3.1/lib/ruby/gems/1.8/gems/rack-1.0.0/lib/rack/urlmap.rb:40:in `each'
    /opt/jruby-1.3.1/lib/ruby/gems/1.8/gems/rack-1.0.0/lib/rack/urlmap.rb:40:in `call'
    /home/mike/.gem/jruby/1.8/gems/rails-2.3.4/lib/rails/rack/log_tailer.rb:17:in `call'
    /opt/jruby-1.3.1/lib/ruby/gems/1.8/gems/rack-1.0.0/lib/rack/content_length.rb:13:in `call'
    /opt/jruby-1.3.1/lib/ruby/gems/1.8/gems/rack-1.0.0/lib/rack/handler/webrick.rb:46:in `service'
    /opt/jruby/lib/ruby/1.8/webrick/httpserver.rb:104:in `service'
    /opt/jruby/lib/ruby/1.8/webrick/httpserver.rb:65:in `run'
    /opt/jruby/lib/ruby/1.8/webrick/server.rb:173:in `start_thread'
    /opt/jruby/lib/ruby/1.8/webrick/server.rb:162:in `start'
/!\ FAILSAFE /!\  Wed Sep 30 16:41:09 -0400 2009
  Status: 500 Internal Server Error
  no such file to load -- mysql
    /opt/jruby/lib/ruby/site_ruby/1.8/rubygems/custom_require.rb:31:in `require'
    /opt/jruby/lib/ruby/site_ruby/1.8/rubygems/custom_require.rb:31:in `require'
    /home/mike/.gem/jruby/1.8/gems/activesupport-2.3.4/lib/active_support/dependencies.rb:156:in `require'
    /home/mike/.gem/jruby/1.8/gems/activesupport-2.3.4/lib/active_support/dependencies.rb:521:in `new_constants_in'
    /home/mike/.gem/jruby/1.8/gems/activesupport-2.3.4/lib/active_support/dependencies.rb:156:in `require'
    /home/mike/.gem/jruby/1.8/gems/activesupport-2.3.4/lib/active_support/core_ext/kernel/requires.rb:7:in `require_library_or_gem'
    /home/mike/.gem/jruby/1.8/gems/activesupport-2.3.4/lib/active_support/core_ext/kernel/reporting.rb:11:in `silence_warnings'
    /home/mike/.gem/jruby/1.8/gems/activesupport-2.3.4/lib/active_support/core_ext/kernel/requires.rb:5:in `require_library_or_gem'
    /home/mike/.gem/jruby/1.8/gems/activerecord-2.3.4/lib/active_record/connection_adapters/mysql_adapter.rb:60:in `mysql_connection'
    /home/mike/.gem/jruby/1.8/gems/activerecord-2.3.4/lib/active_record/connection_adapters/abstract/connection_pool.rb:223:in `new_connection'
    /home/mike/.gem/jruby/1.8/gems/activerecord-2.3.4/lib/active_record/connection_adapters/abstract/connection_pool.rb:245:in `checkout_new_connection'
    /home/mike/.gem/jruby/1.8/gems/activerecord-2.3.4/lib/active_record/connection_adapters/abstract/connection_pool.rb:188:in `checkout'
    /home/mike/.gem/jruby/1.8/gems/activerecord-2.3.4/lib/active_record/connection_adapters/abstract/connection_pool.rb:184:in `loop'
    /home/mike/.gem/jruby/1.8/gems/activerecord-2.3.4/lib/active_record/connection_adapters/abstract/connection_pool.rb:184:in `checkout'
    /opt/jruby/lib/ruby/1.8/monitor.rb:191:in `mon_synchronize'
    /home/mike/.gem/jruby/1.8/gems/activerecord-2.3.4/lib/active_record/connection_adapters/abstract/connection_pool.rb:183:in `checkout'
    /home/mike/.gem/jruby/1.8/gems/activerecord-2.3.4/lib/active_record/connection_adapters/abstract/connection_pool.rb:98:in `connection'
    /home/mike/.gem/jruby/1.8/gems/activerecord-2.3.4/lib/active_record/connection_adapters/abstract/connection_pool.rb:326:in `retrieve_connection'
    /home/mike/.gem/jruby/1.8/gems/activerecord-2.3.4/lib/active_record/connection_adapters/abstract/connection_specification.rb:123:in `retrieve_connection'
    /home/mike/.gem/jruby/1.8/gems/activerecord-2.3.4/lib/active_record/connection_adapters/abstract/connection_specification.rb:115:in `connection'
    /home/mike/.gem/jruby/1.8/gems/activerecord-2.3.4/lib/active_record/query_cache.rb:9:in `cache'
    /home/mike/.gem/jruby/1.8/gems/activerecord-2.3.4/lib/active_record/query_cache.rb:28:in `call'
    /home/mike/.gem/jruby/1.8/gems/activerecord-2.3.4/lib/active_record/connection_adapters/abstract/connection_pool.rb:361:in `call'
    /opt/jruby-1.3.1/lib/ruby/gems/1.8/gems/rack-1.0.0/lib/rack/head.rb:9:in `call'
    /opt/jruby-1.3.1/lib/ruby/gems/1.8/gems/rack-1.0.0/lib/rack/methodoverride.rb:24:in `call'
    /home/mike/.gem/jruby/1.8/gems/actionpack-2.3.4/lib/action_controller/params_parser.rb:15:in `call'
    /home/mike/.gem/jruby/1.8/gems/actionpack-2.3.4/lib/action_controller/session/cookie_store.rb:93:in `call'
    /home/mike/.gem/jruby/1.8/gems/actionpack-2.3.4/lib/action_controller/failsafe.rb:26:in `call'
    /opt/jruby-1.3.1/lib/ruby/gems/1.8/gems/rack-1.0.0/lib/rack/lock.rb:11:in `call'
    /home/mike/.gem/jruby/1.8/gems/actionpack-2.3.4/lib/action_controller/dispatcher.rb:114:in `call'
    /home/mike/.gem/jruby/1.8/gems/actionpack-2.3.4/lib/action_controller/reloader.rb:34:in `run'
    /home/mike/.gem/jruby/1.8/gems/actionpack-2.3.4/lib/action_controller/dispatcher.rb:108:in `call'
    /home/mike/.gem/jruby/1.8/gems/rails-2.3.4/lib/rails/rack/static.rb:31:in `call'
    /opt/jruby-1.3.1/lib/ruby/gems/1.8/gems/rack-1.0.0/lib/rack/urlmap.rb:48:in `call'
    /opt/jruby-1.3.1/lib/ruby/gems/1.8/gems/rack-1.0.0/lib/rack/urlmap.rb:40:in `each'
    /opt/jruby-1.3.1/lib/ruby/gems/1.8/gems/rack-1.0.0/lib/rack/urlmap.rb:40:in `call'
    /home/mike/.gem/jruby/1.8/gems/rails-2.3.4/lib/rails/rack/log_tailer.rb:17:in `call'
    /opt/jruby-1.3.1/lib/ruby/gems/1.8/gems/rack-1.0.0/lib/rack/content_length.rb:13:in `call'
    /opt/jruby-1.3.1/lib/ruby/gems/1.8/gems/rack-1.0.0/lib/rack/handler/webrick.rb:46:in `service'
    /opt/jruby/lib/ruby/1.8/webrick/httpserver.rb:104:in `service'
    /opt/jruby/lib/ruby/1.8/webrick/httpserver.rb:65:in `run'
    /opt/jruby/lib/ruby/1.8/webrick/server.rb:173:in `start_thread'
    /opt/jruby/lib/ruby/1.8/webrick/server.rb:162:in `start'
/!\ FAILSAFE /!\  Wed Sep 30 18:19:09 -0400 2009
  Status: 500 Internal Server Error
  no such file to load -- mysql
    /usr/local/lib/site_ruby/1.8/rubygems/custom_require.rb:31:in `gem_original_require'
    /usr/local/lib/site_ruby/1.8/rubygems/custom_require.rb:31:in `require'
    /usr/lib/ruby/gems/1.8/gems/activesupport-2.3.4/lib/active_support/dependencies.rb:156:in `require'
    /usr/lib/ruby/gems/1.8/gems/activesupport-2.3.4/lib/active_support/dependencies.rb:521:in `new_constants_in'
    /usr/lib/ruby/gems/1.8/gems/activesupport-2.3.4/lib/active_support/dependencies.rb:156:in `require'
    /usr/lib/ruby/gems/1.8/gems/activesupport-2.3.4/lib/active_support/core_ext/kernel/requires.rb:7:in `require_library_or_gem'
    /usr/lib/ruby/gems/1.8/gems/activesupport-2.3.4/lib/active_support/core_ext/kernel/reporting.rb:11:in `silence_warnings'
    /usr/lib/ruby/gems/1.8/gems/activesupport-2.3.4/lib/active_support/core_ext/kernel/requires.rb:5:in `require_library_or_gem'
    /usr/lib/ruby/gems/1.8/gems/activerecord-2.3.4/lib/active_record/connection_adapters/mysql_adapter.rb:60:in `mysql_connection'
    /usr/lib/ruby/gems/1.8/gems/activerecord-2.3.4/lib/active_record/connection_adapters/abstract/connection_pool.rb:223:in `send'
    /usr/lib/ruby/gems/1.8/gems/activerecord-2.3.4/lib/active_record/connection_adapters/abstract/connection_pool.rb:223:in `new_connection'
    /usr/lib/ruby/gems/1.8/gems/activerecord-2.3.4/lib/active_record/connection_adapters/abstract/connection_pool.rb:245:in `checkout_new_connection'
    /usr/lib/ruby/gems/1.8/gems/activerecord-2.3.4/lib/active_record/connection_adapters/abstract/connection_pool.rb:188:in `checkout'
    /usr/lib/ruby/gems/1.8/gems/activerecord-2.3.4/lib/active_record/connection_adapters/abstract/connection_pool.rb:184:in `loop'
    /usr/lib/ruby/gems/1.8/gems/activerecord-2.3.4/lib/active_record/connection_adapters/abstract/connection_pool.rb:184:in `checkout'
    /usr/lib/ruby/1.8/monitor.rb:242:in `synchronize'
    /usr/lib/ruby/gems/1.8/gems/activerecord-2.3.4/lib/active_record/connection_adapters/abstract/connection_pool.rb:183:in `checkout'
    /usr/lib/ruby/gems/1.8/gems/activerecord-2.3.4/lib/active_record/connection_adapters/abstract/connection_pool.rb:98:in `connection'
    /usr/lib/ruby/gems/1.8/gems/activerecord-2.3.4/lib/active_record/connection_adapters/abstract/connection_pool.rb:326:in `retrieve_connection'
    /usr/lib/ruby/gems/1.8/gems/activerecord-2.3.4/lib/active_record/connection_adapters/abstract/connection_specification.rb:123:in `retrieve_connection'
    /usr/lib/ruby/gems/1.8/gems/activerecord-2.3.4/lib/active_record/connection_adapters/abstract/connection_specification.rb:115:in `connection'
    /usr/lib/ruby/gems/1.8/gems/activerecord-2.3.4/lib/active_record/query_cache.rb:9:in `cache'
    /usr/lib/ruby/gems/1.8/gems/activerecord-2.3.4/lib/active_record/query_cache.rb:28:in `call'
    /usr/lib/ruby/gems/1.8/gems/activerecord-2.3.4/lib/active_record/connection_adapters/abstract/connection_pool.rb:361:in `call'
    /usr/lib/ruby/gems/1.8/gems/rack-1.0.0/lib/rack/head.rb:9:in `call'
    /usr/lib/ruby/gems/1.8/gems/rack-1.0.0/lib/rack/methodoverride.rb:24:in `call'
    /usr/lib/ruby/gems/1.8/gems/actionpack-2.3.4/lib/action_controller/params_parser.rb:15:in `call'
    /usr/lib/ruby/gems/1.8/gems/actionpack-2.3.4/lib/action_controller/session/cookie_store.rb:93:in `call'
    /usr/lib/ruby/gems/1.8/gems/actionpack-2.3.4/lib/action_controller/failsafe.rb:26:in `call'
    /usr/lib/ruby/gems/1.8/gems/rack-1.0.0/lib/rack/lock.rb:11:in `call'
    /usr/lib/ruby/gems/1.8/gems/rack-1.0.0/lib/rack/lock.rb:11:in `synchronize'
    /usr/lib/ruby/gems/1.8/gems/rack-1.0.0/lib/rack/lock.rb:11:in `call'
    /usr/lib/ruby/gems/1.8/gems/actionpack-2.3.4/lib/action_controller/dispatcher.rb:114:in `call'
    /usr/lib/ruby/gems/1.8/gems/actionpack-2.3.4/lib/action_controller/reloader.rb:34:in `run'
    /usr/lib/ruby/gems/1.8/gems/actionpack-2.3.4/lib/action_controller/dispatcher.rb:108:in `call'
    /usr/lib/ruby/gems/1.8/gems/rails-2.3.4/lib/rails/rack/static.rb:31:in `call'
    /usr/lib/ruby/gems/1.8/gems/rack-1.0.0/lib/rack/urlmap.rb:46:in `call'
    /usr/lib/ruby/gems/1.8/gems/rack-1.0.0/lib/rack/urlmap.rb:40:in `each'
    /usr/lib/ruby/gems/1.8/gems/rack-1.0.0/lib/rack/urlmap.rb:40:in `call'
    /usr/lib/ruby/gems/1.8/gems/rails-2.3.4/lib/rails/rack/log_tailer.rb:17:in `call'
    /usr/lib/ruby/gems/1.8/gems/rack-1.0.0/lib/rack/content_length.rb:13:in `call'
    /usr/lib/ruby/gems/1.8/gems/rack-1.0.0/lib/rack/chunked.rb:15:in `call'
    /usr/lib/ruby/gems/1.8/gems/rack-1.0.0/lib/rack/handler/mongrel.rb:61:in `process'
    /usr/lib/ruby/gems/1.8/gems/mongrel-1.1.5/lib/mongrel.rb:159:in `process_client'
    /usr/lib/ruby/gems/1.8/gems/mongrel-1.1.5/lib/mongrel.rb:158:in `each'
    /usr/lib/ruby/gems/1.8/gems/mongrel-1.1.5/lib/mongrel.rb:158:in `process_client'
    /usr/lib/ruby/gems/1.8/gems/mongrel-1.1.5/lib/mongrel.rb:285:in `run'
    /usr/lib/ruby/gems/1.8/gems/mongrel-1.1.5/lib/mongrel.rb:285:in `initialize'
    /usr/lib/ruby/gems/1.8/gems/mongrel-1.1.5/lib/mongrel.rb:285:in `new'
    /usr/lib/ruby/gems/1.8/gems/mongrel-1.1.5/lib/mongrel.rb:285:in `run'
    /usr/lib/ruby/gems/1.8/gems/mongrel-1.1.5/lib/mongrel.rb:268:in `initialize'
    /usr/lib/ruby/gems/1.8/gems/mongrel-1.1.5/lib/mongrel.rb:268:in `new'
    /usr/lib/ruby/gems/1.8/gems/mongrel-1.1.5/lib/mongrel.rb:268:in `run'
    /usr/lib/ruby/gems/1.8/gems/rack-1.0.0/lib/rack/handler/mongrel.rb:34:in `run'
    /usr/lib/ruby/gems/1.8/gems/rails-2.3.4/lib/commands/server.rb:111
    /usr/local/lib/site_ruby/1.8/rubygems/custom_require.rb:31:in `gem_original_require'
    /usr/local/lib/site_ruby/1.8/rubygems/custom_require.rb:31:in `require'
    script/server:3


Processing Backend::BaseController#index (for 127.0.0.1 at 2009-09-30 18:20:49) [GET]
Redirected to http://127.0.0.1:3000/backend/sessions/new
Filter chain halted as [:backend_login_required] rendered_or_redirected.
Completed in 42ms (DB: 0) | 302 Found [http://127.0.0.1/backend]


Processing Backend::SessionsController#new (for 127.0.0.1 at 2009-09-30 18:20:49) [GET]
Rendering template within layouts/backend
Rendering backend/sessions/new
Completed in 183ms (View: 179, DB: 0) | 200 OK [http://127.0.0.1/backend/sessions/new]


Processing Backend::SessionsController#create (for 127.0.0.1 at 2009-09-30 18:21:02) [POST]
  Parameters: {"x"=>"0", "y"=>"0", "authenticity_token"=>"+Lu2fdvZdEDXr8q45mfk1eBQfdLOF/MBT/fghMQGqbs=", "password"=>"blackbelt1", "email"=>"swanyboy4@gmail.com"}
  [4;36;1mAccount Load (0.8ms)[0m   [0;1mSELECT * FROM "accounts" WHERE (email = 'swanyboy4@gmail.com') LIMIT 1[0m
Redirected to http://127.0.0.1:3000/backend/sessions/new
Completed in 41ms (DB: 1) | 302 Found [http://127.0.0.1/backend/sessions]


Processing Backend::SessionsController#new (for 127.0.0.1 at 2009-09-30 18:21:03) [GET]
Rendering template within layouts/backend
Rendering backend/sessions/new
Completed in 7ms (View: 4, DB: 0) | 200 OK [http://127.0.0.1/backend/sessions/new]


Processing Backend::BaseController#index (for 127.0.0.1 at 2009-09-30 18:22:46) [GET]
Redirected to http://127.0.0.1:3000/backend/sessions/new
Filter chain halted as [:backend_login_required] rendered_or_redirected.
Completed in 1ms (DB: 0) | 302 Found [http://127.0.0.1/backend/]


Processing Backend::SessionsController#new (for 127.0.0.1 at 2009-09-30 18:22:46) [GET]
Rendering template within layouts/backend
Rendering backend/sessions/new
Completed in 23ms (View: 21, DB: 0) | 200 OK [http://127.0.0.1/backend/sessions/new]


Processing Backend::SessionsController#create (for 127.0.0.1 at 2009-09-30 18:22:51) [POST]
  Parameters: {"x"=>"0", "y"=>"0", "authenticity_token"=>"+Lu2fdvZdEDXr8q45mfk1eBQfdLOF/MBT/fghMQGqbs=", "password"=>"blackbelt1", "email"=>"swanyboy4@gmail.com"}
  [4;36;1mAccount Load (0.7ms)[0m   [0;1mSELECT * FROM "accounts" WHERE (email = 'swanyboy4@gmail.com') LIMIT 1[0m
Redirected to http://127.0.0.1:3000/backend/sessions/new
Completed in 40ms (DB: 1) | 302 Found [http://127.0.0.1/backend/sessions]


Processing Backend::SessionsController#new (for 127.0.0.1 at 2009-09-30 18:22:51) [GET]
Rendering template within layouts/backend
Rendering backend/sessions/new
Completed in 8ms (View: 4, DB: 0) | 200 OK [http://127.0.0.1/backend/sessions/new]
  [4;36;1mSQL (0.5ms)[0m   [0;1m SELECT name
 FROM sqlite_master
 WHERE type = 'table' AND NOT name = 'sqlite_sequence'
[0m
  [4;35;1mSQL (0.1ms)[0m   [0mSELECT version FROM schema_migrations[0m
  [4;36;1mSQL (0.1ms)[0m   [0;1m SELECT name
 FROM sqlite_master
 WHERE type = 'table' AND NOT name = 'sqlite_sequence'
[0m
  [4;35;1mSQL (0.1ms)[0m   [0mSELECT version FROM schema_migrations[0m
Migrating to CreateAccounts (20090930201945)
  [4;36;1mSQL (0.1ms)[0m   [0;1mselect sqlite_version(*)[0m
  [4;35;1mSQL (0.4ms)[0m   [0mDROP TABLE "accounts"[0m
  [4;36;1mSQL (0.1ms)[0m   [0;1mDELETE FROM schema_migrations WHERE version = '20090930201945'[0m
  [4;35;1mSQL (0.2ms)[0m   [0m SELECT name
 FROM sqlite_master
 WHERE type = 'table' AND NOT name = 'sqlite_sequence'
[0m
  [4;36;1mSQL (0.1ms)[0m   [0;1mSELECT version FROM schema_migrations[0m
  [4;35;1mSQL (0.1ms)[0m   [0m SELECT name
 FROM sqlite_master
 WHERE type = 'table' AND NOT name = 'sqlite_sequence'
[0m
  [4;36;1mSQL (0.1ms)[0m   [0;1m SELECT name
 FROM sqlite_master
 WHERE type = 'table' AND NOT name = 'sqlite_sequence'
[0m
  [4;35;1mSQL (0.1ms)[0m   [0mSELECT version FROM schema_migrations[0m
Migrating to CreateAccounts (20090930201945)
  [4;36;1mSQL (0.2ms)[0m   [0;1m SELECT name
 FROM sqlite_master
 WHERE type = 'table' AND NOT name = 'sqlite_sequence'
[0m
  [4;35;1mSQL (0.3ms)[0m   [0mCREATE TABLE "accounts" ("id" INTEGER PRIMARY KEY AUTOINCREMENT NOT NULL, "name" varchar(255), "surname" varchar(255), "email" varchar(255), "salt" varchar(255), "crypted_password" varchar(255), "role" varchar(255), "modules" varchar(255), "created_at" datetime, "updated_at" datetime) [0m
  [4;36;1mAccount Load (0.2ms)[0m   [0;1mSELECT "accounts".id FROM "accounts" WHERE (LOWER("accounts"."email") = 'swanyboy4@gmail.com') LIMIT 1[0m
  [4;35;1mAccount Create (0.2ms)[0m   [0mINSERT INTO "accounts" ("name", "salt", "modules", "created_at", "crypted_password", "updated_at", "role", "surname", "email") VALUES('Michael', 'c09267d20c522f26e632eb2d7a0ae04fe819ca7b', NULL, '2009-09-30 22:23:42', 'YaKEtuAHUBilh3BFSkpUTQ==
', '2009-09-30 22:23:42', 'administrator', 'Swan', 'swanyboy4@gmail.com')[0m
Sent mail to swanyboy4@gmail.com

Date: Wed, 30 Sep 2009 18:23:42 -0400
From: info@lipsiadmin.com
To: swanyboy4@gmail.com
Subject: [My Rails App] Your account has been activated
Mime-Version: 1.0
Content-Type: text/plain; charset=utf-8

Hello Michael Swan,
your account has been activated.

You can login with the following email/password:

- Email: swanyboy4@gmail.com
- Password: blackbelt1

using the following url: http://localhost:3000/backend

---------------------------
Cordiali Saluti,
LipsiaSoft s.r.l.
  [4;36;1mSQL (0.3ms)[0m   [0;1mINSERT INTO schema_migrations (version) VALUES ('20090930201945')[0m
  [4;35;1mSQL (0.2ms)[0m   [0m SELECT name
 FROM sqlite_master
 WHERE type = 'table' AND NOT name = 'sqlite_sequence'
[0m
  [4;36;1mSQL (0.2ms)[0m   [0;1mSELECT version FROM schema_migrations[0m
  [4;35;1mSQL (0.2ms)[0m   [0m SELECT name
 FROM sqlite_master
 WHERE type = 'table' AND NOT name = 'sqlite_sequence'
[0m
  [4;36;1mSQL (0.1ms)[0m   [0;1mPRAGMA index_list("accounts")[0m


Processing Backend::SessionsController#create (for 127.0.0.1 at 2009-09-30 18:24:01) [POST]
  Parameters: {"x"=>"0", "y"=>"0", "authenticity_token"=>"+Lu2fdvZdEDXr8q45mfk1eBQfdLOF/MBT/fghMQGqbs=", "password"=>"blackbelt1", "email"=>"swanyboy4@gmail.com"}
  [4;35;1mAccount Load (1.1ms)[0m   [0mSELECT * FROM "accounts" WHERE (email = 'swanyboy4@gmail.com') LIMIT 1[0m
Redirected to http://127.0.0.1:3000/backend
Completed in 31ms (DB: 1) | 302 Found [http://127.0.0.1/backend/sessions]


Processing Backend::BaseController#index (for 127.0.0.1 at 2009-09-30 18:24:01) [GET]
  [4;36;1mAccount Load (0.4ms)[0m   [0;1mSELECT * FROM "accounts" WHERE ("accounts"."id" = 1) LIMIT 1[0m
  [4;35;1mAccount Load (0.3ms)[0m   [0mSELECT * FROM "accounts" WHERE ("accounts"."id" = 1) [0m
  [4;36;1mCACHE (0.0ms)[0m   [0;1mSELECT * FROM "accounts" WHERE ("accounts"."id" = 1) [0m
  [4;35;1mCACHE (0.0ms)[0m   [0mSELECT * FROM "accounts" WHERE ("accounts"."id" = 1) [0m
  [4;36;1mCACHE (0.0ms)[0m   [0;1mSELECT * FROM "accounts" WHERE ("accounts"."id" = 1) [0m
Rendering backend/base/index
Completed in 95ms (View: 38, DB: 1) | 200 OK [http://127.0.0.1/backend]


Processing JavascriptsController#locale to js (for 127.0.0.1 at 2009-09-30 18:24:02) [GET]
Rendering javascripts/locale
Completed in 118ms (View: 112, DB: 0) | 200 OK [http://127.0.0.1/javascripts/locale.js]


Processing JavascriptsController#backend to js (for 127.0.0.1 at 2009-09-30 18:24:02) [GET]
Rendering javascripts/backend
  [4;35;1mAccount Load (0.3ms)[0m   [0mSELECT * FROM "accounts" WHERE ("accounts"."id" = 1) LIMIT 1[0m
Completed in 77ms (View: 72, DB: 0) | 200 OK [http://127.0.0.1/javascripts/backend.js]


Processing BackendController#base (for 127.0.0.1 at 2009-09-30 18:24:02) [GET]
  Parameters: {"id"=>"welcome"}
  [4;36;1mAccount Load (0.4ms)[0m   [0;1mSELECT * FROM "accounts" WHERE ("accounts"."id" = 1) LIMIT 1[0m
  [4;35;1mAccount Load (0.8ms)[0m   [0mSELECT * FROM "accounts" WHERE ("accounts"."id" = 1) [0m

ActionController::UnknownAction (No action responded to base. Actions: ):
  haml (2.2.6) lib/sass/plugin/rails.rb:19:in `process'

Rendering rescues/layout (not_found)


Processing Backend::AccountsController#index to js (for 127.0.0.1 at 2009-09-30 18:24:25) [GET]
  [4;36;1mAccount Load (0.6ms)[0m   [0;1mSELECT * FROM "accounts" WHERE ("accounts"."id" = 1) LIMIT 1[0m
  [4;35;1mAccount Load (0.6ms)[0m   [0mSELECT * FROM "accounts" WHERE ("accounts"."id" = 1) [0m
  [4;36;1mCACHE (0.0ms)[0m   [0;1mSELECT * FROM "accounts" WHERE ("accounts"."id" = 1) [0m
Rendering backend/accounts/index
Completed in 71ms (View: 20, DB: 1) | 200 OK [http://127.0.0.1/backend/accounts.js]


Processing Backend::AccountsController#index to json (for 127.0.0.1 at 2009-09-30 18:24:25) [GET]
  Parameters: {"_"=>""}
  [4;35;1mAccount Load (0.7ms)[0m   [0mSELECT * FROM "accounts" WHERE ("accounts"."id" = 1) LIMIT 1[0m
  [4;36;1mAccount Load (0.7ms)[0m   [0;1mSELECT * FROM "accounts" WHERE ("accounts"."id" = 1) [0m
  [4;35;1mCACHE (0.0ms)[0m   [0mSELECT * FROM "accounts" WHERE ("accounts"."id" = 1) [0m
  [4;36;1mAccount Load (0.6ms)[0m   [0;1mSELECT * FROM "accounts" [0m
  [4;35;1mAccount Load (0.7ms)[0m   [0mSELECT * FROM "accounts" LIMIT 50[0m
Completed in 418ms (View: 89, DB: 3) | 200 OK [http://127.0.0.1/backend/accounts.json]


Processing Backend::AccountsController#edit (for 127.0.0.1 at 2009-09-30 18:24:30) [GET]
  Parameters: {"id"=>"1"}
  [4;36;1mAccount Load (0.9ms)[0m   [0;1mSELECT * FROM "accounts" WHERE ("accounts"."id" = 1) LIMIT 1[0m
  [4;35;1mAccount Load (0.7ms)[0m   [0mSELECT * FROM "accounts" WHERE ("accounts"."id" = 1) [0m
  [4;36;1mCACHE (0.0ms)[0m   [0;1mSELECT * FROM "accounts" WHERE ("accounts"."id" = 1) [0m
  [4;35;1mCACHE (0.0ms)[0m   [0mSELECT * FROM "accounts" WHERE ("accounts"."id" = 1) [0m
Rendering backend/accounts/edit
Rendered backend/accounts/_form (9.8ms)
Completed in 80ms (View: 46, DB: 2) | 200 OK [http://127.0.0.1/backend/accounts/1/edit]


Processing Backend::AccountsController#index to js (for 127.0.0.1 at 2009-09-30 18:24:35) [GET]
  [4;36;1mAccount Load (0.8ms)[0m   [0;1mSELECT * FROM "accounts" WHERE ("accounts"."id" = 1) LIMIT 1[0m
  [4;35;1mAccount Load (0.6ms)[0m   [0mSELECT * FROM "accounts" WHERE ("accounts"."id" = 1) [0m
  [4;36;1mCACHE (0.0ms)[0m   [0;1mSELECT * FROM "accounts" WHERE ("accounts"."id" = 1) [0m
Rendering backend/accounts/index
Completed in 65ms (View: 14, DB: 1) | 200 OK [http://127.0.0.1/backend/accounts.js]


Processing Backend::AccountsController#index to json (for 127.0.0.1 at 2009-09-30 18:24:35) [GET]
  Parameters: {"_"=>""}
  [4;35;1mAccount Load (0.6ms)[0m   [0mSELECT * FROM "accounts" WHERE ("accounts"."id" = 1) LIMIT 1[0m
  [4;36;1mAccount Load (0.5ms)[0m   [0;1mSELECT * FROM "accounts" WHERE ("accounts"."id" = 1) [0m
  [4;35;1mCACHE (0.0ms)[0m   [0mSELECT * FROM "accounts" WHERE ("accounts"."id" = 1) [0m
  [4;36;1mAccount Load (0.7ms)[0m   [0;1mSELECT * FROM "accounts" [0m
  [4;35;1mAccount Load (0.6ms)[0m   [0mSELECT * FROM "accounts" LIMIT 50[0m
Completed in 54ms (View: 1, DB: 2) | 200 OK [http://127.0.0.1/backend/accounts.json]


Processing Backend::AccountsController#new (for 127.0.0.1 at 2009-09-30 18:24:48) [GET]
  [4;36;1mAccount Load (0.6ms)[0m   [0;1mSELECT * FROM "accounts" WHERE ("accounts"."id" = 1) LIMIT 1[0m
  [4;35;1mAccount Load (0.5ms)[0m   [0mSELECT * FROM "accounts" WHERE ("accounts"."id" = 1) [0m
  [4;36;1mCACHE (0.0ms)[0m   [0;1mSELECT * FROM "accounts" WHERE ("accounts"."id" = 1) [0m
Rendering backend/accounts/new
Rendered backend/accounts/_form (8.2ms)
Completed in 90ms (View: 59, DB: 1) | 200 OK [http://127.0.0.1/backend/accounts/new]


Processing Backend::AccountsController#index to js (for 127.0.0.1 at 2009-09-30 18:25:02) [GET]
  [4;35;1mAccount Load (0.6ms)[0m   [0mSELECT * FROM "accounts" WHERE ("accounts"."id" = 1) LIMIT 1[0m
  [4;36;1mAccount Load (0.5ms)[0m   [0;1mSELECT * FROM "accounts" WHERE ("accounts"."id" = 1) [0m
  [4;35;1mCACHE (0.0ms)[0m   [0mSELECT * FROM "accounts" WHERE ("accounts"."id" = 1) [0m
Rendering backend/accounts/index
Completed in 141ms (View: 7, DB: 1) | 200 OK [http://127.0.0.1/backend/accounts.js]


Processing Backend::AccountsController#index to json (for 127.0.0.1 at 2009-09-30 18:25:02) [GET]
  Parameters: {"_"=>""}
  [4;36;1mAccount Load (0.6ms)[0m   [0;1mSELECT * FROM "accounts" WHERE ("accounts"."id" = 1) LIMIT 1[0m
  [4;35;1mAccount Load (0.6ms)[0m   [0mSELECT * FROM "accounts" WHERE ("accounts"."id" = 1) [0m
  [4;36;1mCACHE (0.0ms)[0m   [0;1mSELECT * FROM "accounts" WHERE ("accounts"."id" = 1) [0m
  [4;35;1mAccount Load (0.7ms)[0m   [0mSELECT * FROM "accounts" [0m
  [4;36;1mAccount Load (0.5ms)[0m   [0;1mSELECT * FROM "accounts" LIMIT 50[0m
Completed in 58ms (View: 2, DB: 2) | 200 OK [http://127.0.0.1/backend/accounts.json]


Processing Backend::AccountsController#edit (for 127.0.0.1 at 2009-09-30 18:25:06) [GET]
  Parameters: {"id"=>"1"}
  [4;35;1mAccount Load (0.7ms)[0m   [0mSELECT * FROM "accounts" WHERE ("accounts"."id" = 1) LIMIT 1[0m
  [4;36;1mAccount Load (0.6ms)[0m   [0;1mSELECT * FROM "accounts" WHERE ("accounts"."id" = 1) [0m
  [4;35;1mCACHE (0.0ms)[0m   [0mSELECT * FROM "accounts" WHERE ("accounts"."id" = 1) [0m
  [4;36;1mCACHE (0.0ms)[0m   [0;1mSELECT * FROM "accounts" WHERE ("accounts"."id" = 1) [0m
Rendering backend/accounts/edit
Rendered backend/accounts/_form (4.0ms)
Completed in 60ms (View: 26, DB: 1) | 200 OK [http://127.0.0.1/backend/accounts/1/edit]


Processing Backend::BaseController#index (for 127.0.0.1 at 2009-09-30 18:25:11) [GET]
  [4;35;1mAccount Load (0.6ms)[0m   [0mSELECT * FROM "accounts" WHERE ("accounts"."id" = 1) LIMIT 1[0m
  [4;36;1mAccount Load (0.5ms)[0m   [0;1mSELECT * FROM "accounts" WHERE ("accounts"."id" = 1) [0m
  [4;35;1mCACHE (0.0ms)[0m   [0mSELECT * FROM "accounts" WHERE ("accounts"."id" = 1) [0m
Rendering backend/base/index
Completed in 37ms (View: 4, DB: 1) | 200 OK [http://127.0.0.1/backend]


Processing JavascriptsController#locale to js (for 127.0.0.1 at 2009-09-30 18:25:11) [GET]
Rendering javascripts/locale
Completed in 36ms (View: 32, DB: 0) | 200 OK [http://127.0.0.1/javascripts/locale.js]


Processing JavascriptsController#backend to js (for 127.0.0.1 at 2009-09-30 18:25:11) [GET]
Rendering javascripts/backend
  [4;36;1mAccount Load (0.6ms)[0m   [0;1mSELECT * FROM "accounts" WHERE ("accounts"."id" = 1) LIMIT 1[0m
Completed in 39ms (View: 35, DB: 1) | 200 OK [http://127.0.0.1/javascripts/backend.js]


Processing BackendController#base (for 127.0.0.1 at 2009-09-30 18:25:11) [GET]
  Parameters: {"id"=>"welcome"}
  [4;35;1mAccount Load (0.6ms)[0m   [0mSELECT * FROM "accounts" WHERE ("accounts"."id" = 1) LIMIT 1[0m
  [4;36;1mAccount Load (0.3ms)[0m   [0;1mSELECT * FROM "accounts" WHERE ("accounts"."id" = 1) [0m

ActionController::UnknownAction (No action responded to base. Actions: ):
  haml (2.2.6) lib/sass/plugin/rails.rb:19:in `process'

Rendering rescues/layout (not_found)


Processing Backend::BaseController#index (for 127.0.0.1 at 2009-09-30 18:27:02) [GET]
  [4;36;1mAccount Load (0.4ms)[0m   [0;1mSELECT * FROM "accounts" WHERE ("accounts"."id" = 1) LIMIT 1[0m
  [4;35;1mAccount Load (0.3ms)[0m   [0mSELECT * FROM "accounts" WHERE ("accounts"."id" = 1) [0m
  [4;36;1mCACHE (0.0ms)[0m   [0;1mSELECT * FROM "accounts" WHERE ("accounts"."id" = 1) [0m
  [4;35;1mCACHE (0.0ms)[0m   [0mSELECT * FROM "accounts" WHERE ("accounts"."id" = 1) [0m
  [4;36;1mCACHE (0.0ms)[0m   [0;1mSELECT * FROM "accounts" WHERE ("accounts"."id" = 1) [0m
Rendering backend/base/index
Completed in 47ms (View: 16, DB: 1) | 200 OK [http://127.0.0.1/backend]


Processing JavascriptsController#locale to js (for 127.0.0.1 at 2009-09-30 18:27:02) [GET]
Rendering javascripts/locale
Completed in 140ms (View: 135, DB: 0) | 200 OK [http://127.0.0.1/javascripts/locale.js]


Processing JavascriptsController#backend to js (for 127.0.0.1 at 2009-09-30 18:27:02) [GET]
Rendering javascripts/backend
  [4;35;1mAccount Load (0.4ms)[0m   [0mSELECT * FROM "accounts" WHERE ("accounts"."id" = 1) LIMIT 1[0m
Completed in 48ms (View: 45, DB: 0) | 200 OK [http://127.0.0.1/javascripts/backend.js]


Processing BackendController#base (for 127.0.0.1 at 2009-09-30 18:27:03) [GET]
  Parameters: {"id"=>"welcome"}
  [4;36;1mAccount Load (0.8ms)[0m   [0;1mSELECT * FROM "accounts" WHERE ("accounts"."id" = 1) LIMIT 1[0m
  [4;35;1mAccount Load (1.7ms)[0m   [0mSELECT * FROM "accounts" WHERE ("accounts"."id" = 1) [0m

ActionController::UnknownAction (No action responded to base. Actions: ):
  haml (2.2.6) lib/sass/plugin/rails.rb:19:in `process'

Rendering rescues/layout (not_found)


Processing FrontendController#index (for 127.0.0.1 at 2009-09-30 18:27:09) [GET]

ActionController::UnknownAction (No action responded to index. Actions: ):
  haml (2.2.6) lib/sass/plugin/rails.rb:19:in `process'

Rendering rescues/layout (not_found)


Processing Frontend::BaseController#index (for 127.0.0.1 at 2009-09-30 18:27:41) [GET]
Rendering template within layouts/frontend
Rendering frontend/base/index
Completed in 46ms (View: 41, DB: 0) | 200 OK [http://127.0.0.1/frontend/base]
